<?xml version="1.0" encoding="UTF-8"?>
<!-- Generated by org.testng.reporters.JUnitReportReporter -->
<testsuite hostname="DESKTOP-8FUDER9" name="maven.Framework.End2EndPOM" tests="1" failures="0" timestamp="10 Mar 2023 10:38:53 GMT" time="18.548" errors="0">
  <testcase name="submitOrder" time="18.548" classname="maven.Framework.End2EndPOM"/>
</testsuite> <!-- maven.Framework.End2EndPOM -->
